[NX Daemon Server] - 2024-08-23T17:05:24.925Z - Started listening on: /var/folders/25/djsgld312dl7d3hyz9q55gyw0000gn/T/ea5c4a7374d703ee0390/d.sock
[NX Daemon Server] - 2024-08-23T17:05:24.926Z - [WATCHER]: Subscribed to changes within: /Users/geovany/dev/my-space (native)
[NX Daemon Server] - 2024-08-23T17:05:24.934Z - Established a connection. Number of open connections: 1
[NX Daemon Server] - 2024-08-23T17:05:24.934Z - Established a connection. Number of open connections: 2
[NX Daemon Server] - 2024-08-23T17:05:24.936Z - Closed a connection. Number of open connections: 1
[NX Daemon Server] - 2024-08-23T17:05:24.936Z - [REQUEST]: Client Request for Project Graph Received
[NX Daemon Server] - 2024-08-23T17:05:25.171Z - [REQUEST]: Updated workspace context based on watched changes, recomputing project graph...
[NX Daemon Server] - 2024-08-23T17:05:25.171Z - [REQUEST]: 
[NX Daemon Server] - 2024-08-23T17:05:25.171Z - [REQUEST]: 
[NX Daemon Server] - 2024-08-23T17:05:25.174Z - Time taken for 'loadNxPlugins' 234.3375ms
[NX Daemon Server] - 2024-08-23T17:05:25.175Z - Established a connection. Number of open connections: 2
[NX Daemon Server] - 2024-08-23T17:05:25.175Z - Closed a connection. Number of open connections: 1
[NX Daemon Server] - 2024-08-23T17:05:25.175Z - Established a connection. Number of open connections: 2
[NX Daemon Server] - 2024-08-23T17:05:25.176Z - [REQUEST]: Responding to the client. handleHashGlob
[NX Daemon Server] - 2024-08-23T17:05:25.176Z - Done responding to the client handleHashGlob
[NX Daemon Server] - 2024-08-23T17:05:25.176Z - Handled HASH_GLOB. Handling time: 1. Response time: 0.
[NX Daemon Server] - 2024-08-23T17:05:25.192Z - Time taken for 'build-project-configs' 10.46004099999999ms
[NX Daemon Server] - 2024-08-23T17:05:25.209Z - [SYNC]: collect registered sync generators
[NX Daemon Server] - 2024-08-23T17:05:25.209Z - [SYNC]: scheduling: []
[NX Daemon Server] - 2024-08-23T17:05:25.209Z - [REQUEST]: Responding to the client. project-graph
[NX Daemon Server] - 2024-08-23T17:05:25.210Z - Time taken for 'total for creating and serializing project graph' 272.736958ms
[NX Daemon Server] - 2024-08-23T17:05:25.211Z - Done responding to the client project-graph
[NX Daemon Server] - 2024-08-23T17:05:25.211Z - Handled REQUEST_PROJECT_GRAPH. Handling time: 273. Response time: 2.
[NX Daemon Server] - 2024-08-23T17:05:25.213Z - [REQUEST]: Client Request for Project Graph Received
[NX Daemon Server] - 2024-08-23T17:05:25.213Z - [REQUEST]: Responding to the client. project-graph
[NX Daemon Server] - 2024-08-23T17:05:25.214Z - Time taken for 'total for creating and serializing project graph' 0.07599999999996498ms
[NX Daemon Server] - 2024-08-23T17:05:25.215Z - Done responding to the client project-graph
[NX Daemon Server] - 2024-08-23T17:05:25.215Z - Handled REQUEST_PROJECT_GRAPH. Handling time: 0. Response time: 2.
[NX Daemon Server] - 2024-08-23T17:05:25.217Z - Established a connection. Number of open connections: 3
[NX Daemon Server] - 2024-08-23T17:05:25.727Z - [WATCHER]: .gitignore was modified
[NX Daemon Server] - 2024-08-23T17:05:25.727Z - [REQUEST]: Responding to the client. File watch changed
Error [ERR_STREAM_DESTROYED]: Cannot call write after a stream was destroyed
    at _write (node:internal/streams/writable:483:11)
    at Writable.write (node:internal/streams/writable:502:10)
    at /Users/geovany/dev/my-space/node_modules/nx/src/daemon/server/shutdown-utils.js:71:16
    at new Promise (<anonymous>)
    at respondToClient (/Users/geovany/dev/my-space/node_modules/nx/src/daemon/server/shutdown-utils.js:67:12)
    at handleResult (/Users/geovany/dev/my-space/node_modules/nx/src/daemon/server/server.js:176:52)
    at process.processTicksAndRejections (node:internal/process/task_queues:95:5)
    at async Promise.all (index 0)
    at async /Users/geovany/dev/my-space/node_modules/nx/src/daemon/server/file-watching/file-watcher-sockets.js:27:9
    at async /Users/geovany/dev/my-space/node_modules/nx/src/utils/promised-based-queue.js:19:21 {
  code: 'ERR_STREAM_DESTROYED'
}
[NX Daemon Server] - 2024-08-23T17:05:25.728Z - Done responding to the client File watch changed
[NX Daemon Server] - 2024-08-23T17:05:25.728Z - Handled FILE-WATCH-CHANGED. Handling time: 0. Response time: 1.
[NX Daemon Server] - 2024-08-23T17:05:25.728Z - [WATCHER]: Processing file changes in outputs
[NX Daemon Server] - 2024-08-23T17:05:25.728Z - Time taken for 'changed-projects' 0.03604199999995217ms
[NX Daemon Server] - 2024-08-23T17:05:25.728Z - Closed a connection. Number of open connections: 2
[NX Daemon Server] - 2024-08-23T17:05:25.728Z - Closed a connection. Number of open connections: 1
[NX Daemon Server] - 2024-08-23T17:05:25.728Z - Closed a connection. Number of open connections: 0
[NX Daemon Server] - 2024-08-23T17:05:25.729Z - [WATCHER]: Stopping the watcher for /Users/geovany/dev/my-space (sources)
[NX Daemon Server] - 2024-08-23T17:05:25.729Z - [WATCHER]: Stopping the watcher for /Users/geovany/dev/my-space (outputs)
[NX Daemon Server] - 2024-08-23T17:05:25.729Z - Server stopped because: "Stopping the daemon the set of ignored files changed (native)"
